[00:41:37] [STEP] ========================================
[00:41:37] [STEP] CYCLE 029: NAVIGATION WORKING
[00:41:37] [STEP] ========================================
[00:41:37] [STEP] Step 1: Pre-flight checks
[00:41:37] [SUCCESS] Emulator is running
[00:41:37] [STEP] Step 2: Fixing MainActivity navigation implementation
[00:41:37] [SUCCESS] MainActivity.java updated with proper navigation
[00:41:37] [STEP] Step 3: Cleaning previous build
[00:41:38] [STEP] Step 4: Building APK
[00:41:41] [ERROR] Build failed! Check gradle-build.log
[00:42:08] [STEP] ========================================
[00:42:08] [STEP] CYCLE 029: NAVIGATION WORKING
[00:42:08] [STEP] ========================================
[00:42:08] [STEP] Step 1: Pre-flight checks
[00:42:08] [SUCCESS] Emulator is running
[00:42:08] [STEP] Step 2: Fixing MainActivity navigation implementation
[00:42:08] [SUCCESS] MainActivity.java updated with proper navigation
[00:42:08] [STEP] Step 3: Cleaning previous build
[00:42:09] [STEP] Step 4: Building APK
[00:42:12] [SUCCESS] Build successful in 3.2084824s - APK size: 5.27 MB
[00:42:12] [STEP] Step 5: Installing APK
[00:42:13] [SUCCESS] APK installed successfully
[00:42:13] [STEP] Step 6: Launching app for testing
[00:42:20] [TEST] Capturing screenshot: 01_app_launch
[00:42:20] [SUCCESS] Screenshot saved: 01_app_launch_20250714_004220.png
[00:42:20] [STEP] Step 7: Testing all features with screenshots
[00:42:20] [TEST] Testing History button...
[00:42:23] [TEST] Capturing screenshot: 02_history_button
[00:42:24] [SUCCESS] Screenshot saved: 02_history_button_20250714_004223.png
[00:42:24] [WARNING] History button not working - trying different Y coordinate
[00:42:27] [TEST] Capturing screenshot: 02_history_retry
[00:42:27] [SUCCESS] Screenshot saved: 02_history_retry_20250714_004227.png
[00:42:29] [TEST] Testing bottom navigation...
[00:42:29] [TEST] Trying navigation at Y=2337
[00:42:31] [TEST] Testing Checklist tab at (216, 2337)
[00:42:36] [TEST] Testing Record tab at (540, 2337)
[00:42:41] [TEST] Testing Profile tab at (756, 2337)
[00:42:46] [TEST] Testing Coach tab at (972, 2337)
[00:42:49] [TEST] Trying navigation at Y=2300
[00:42:51] [TEST] Testing Checklist tab at (216, 2300)
[00:42:57] [TEST] Testing Record tab at (540, 2300)
[00:43:02] [TEST] Testing Profile tab at (756, 2300)
[00:43:07] [TEST] Testing Coach tab at (972, 2300)
[00:43:10] [TEST] Trying navigation at Y=2350
[00:43:12] [TEST] Testing Checklist tab at (216, 2350)
[00:43:17] [TEST] Testing Record tab at (540, 2350)
[00:43:22] [TEST] Testing Profile tab at (756, 2350)
[00:43:27] [TEST] Testing Coach tab at (972, 2350)
[00:43:30] [TEST] Testing data persistence...
[00:43:35] [TEST] Capturing screenshot: 10_history_with_data
[00:43:36] [SUCCESS] Screenshot saved: 10_history_with_data_20250714_004335.png
[00:43:36] [STEP] Step 8: Evaluating test results
[00:43:36] [INFO] Total screenshots captured: 4
[00:43:36] [ERROR] Navigation still not working - needs further investigation
[00:43:36] [STEP] Step 9: Creating cycle report
[00:43:36] [SUCCESS] Cycle report created
[00:43:36] [STEP] ========================================
[00:43:36] [STEP] CYCLE 029 COMPLETE
[00:43:36] [STEP] ========================================
[00:43:36] [ERROR] Navigation still needs fixing
